<?xml version="1.0" encoding="UTF-8"?>
<testsuite xmlns:xsi="http://www.w3.org/2001/XMLSchema-instance" xsi:noNamespaceSchemaLocation="https://maven.apache.org/surefire/maven-surefire-plugin/xsd/surefire-test-report.xsd" name="ru.fix.services.CountServiceTest" time="0.268" tests="8" errors="8" skipped="0" failures="0">
  <properties>
[...]
</properties>
  <testcase name="initializationError" classname="ru.fix.services.CountServiceTest" time="0.016">
    <error message="The class ru.fix.services.CountServiceTest is not public." type="java.lang.Exception">java.lang.Exception: The class ru.fix.services.CountServiceTest is not public.
</error>
  </testcase>
  <testcase name="initializationError" classname="ru.fix.services.CountServiceTest" time="0.016">
    <error message="Test class should have exactly one public constructor" type="java.lang.Exception">java.lang.Exception: Test class should have exactly one public constructor
</error>
  </testcase>
  <testcase name="initializationError" classname="ru.fix.services.CountServiceTest" time="0.015">
    <error message="Method countMovesStep1() should be public" type="java.lang.Exception">java.lang.Exception: Method countMovesStep1() should be public
</error>
  </testcase>
  <testcase name="initializationError" classname="ru.fix.services.CountServiceTest" time="0">
    <error message="Method countMovesStep2() should be public" type="java.lang.Exception">java.lang.Exception: Method countMovesStep2() should be public
</error>
  </testcase>
  <testcase name="initializationError" classname="ru.fix.services.CountServiceTest" time="0">
    <error message="Method countMovesStep3() should be public" type="java.lang.Exception">java.lang.Exception: Method countMovesStep3() should be public
</error>
  </testcase>
  <testcase name="initializationError" classname="ru.fix.services.CountServiceTest" time="0">
    <error message="Method countMovesStep4() should be public" type="java.lang.Exception">java.lang.Exception: Method countMovesStep4() should be public
</error>
  </testcase>
  <testcase name="initializationError" classname="ru.fix.services.CountServiceTest" time="0">
    <error message="Method boardNotCorrectStep1() should be public" type="java.lang.Exception">java.lang.Exception: Method boardNotCorrectStep1() should be public
</error>
  </testcase>
  <testcase name="initializationError" classname="ru.fix.services.CountServiceTest" time="0">
    <error message="Method boardNotCorrectStep2() should be public" type="java.lang.Exception">java.lang.Exception: Method boardNotCorrectStep2() should be public
</error>
  </testcase>
</testsuite>